[0426/175327.970:ERROR:process_info.cc(329)] VirtualQueryEx: Отказано в доступе. (0x5)
[0426/175327.970:ERROR:process_info.cc(556)] ReadMemoryInfo failed
[0426/175327.970:ERROR:process_memory_win.cc(39)] Failed to initialize ProcessInfo.
[0426/175327.970:ERROR:scoped_process_suspend.cc(40)] NtResumeProcess: Попытка доступа к процессу, выполняющему процедуру завершения. (0xc000010a)
[0512/202659.300:ERROR:process_reader_win.cc(151)] SuspendThread: Отказано в доступе. (0x5)
[0512/202659.300:ERROR:process_reader_win.cc(151)] SuspendThread: Отказано в доступе. (0x5)
[0512/202659.300:ERROR:process_reader_win.cc(151)] SuspendThread: Отказано в доступе. (0x5)
[0512/202659.300:ERROR:process_reader_win.cc(151)] SuspendThread: Отказано в доступе. (0x5)
[0512/202659.300:ERROR:process_reader_win.cc(151)] SuspendThread: Отказано в доступе. (0x5)
[0512/202659.300:ERROR:process_reader_win.cc(151)] SuspendThread: Отказано в доступе. (0x5)
[0512/202659.300:ERROR:process_reader_win.cc(151)] SuspendThread: Отказано в доступе. (0x5)
[0512/202659.300:ERROR:process_reader_win.cc(151)] SuspendThread: Отказано в доступе. (0x5)
[0512/202659.300:ERROR:process_reader_win.cc(151)] SuspendThread: Отказано в доступе. (0x5)
[0512/202659.300:ERROR:process_reader_win.cc(151)] SuspendThread: Отказано в доступе. (0x5)
[0512/202659.300:ERROR:process_reader_win.cc(151)] SuspendThread: Отказано в доступе. (0x5)
[0512/202659.300:ERROR:process_reader_win.cc(123)] NtOpenThread: {Отказано в доступе} Процесс запросил доступ к объекту, но права на доступ не предоставлены. (0xc0000022)
[0512/202659.332:ERROR:exception_snapshot_win.cc(98)] thread ID 18924 not found in process
[0512/202659.394:ERROR:process_reader_win.cc(123)] NtOpenThread: {Отказано в доступе} Процесс запросил доступ к объекту, но права на доступ не предоставлены. (0xc0000022)
[0512/202659.394:ERROR:exception_snapshot_win.cc(98)] thread ID 18772 not found in process
[0512/202659.425:ERROR:process_reader_win.cc(123)] NtOpenThread: {Отказано в доступе} Процесс запросил доступ к объекту, но права на доступ не предоставлены. (0xc0000022)
[0512/202659.425:ERROR:exception_snapshot_win.cc(98)] thread ID 2692 not found in process
